# JRE version: Java(TM) SE Runtime Environment (11.0.6+8) (build 11.0.6+8-LTS)
# Java VM: Java HotSpot(TM) 64-Bit Server VM (11.0.6+8-LTS, mixed mode, tiered, compressed oops, g1 gc, windows-amd64)
Heap:
 garbage-first heap   total 315392K, used 11328K [0x0000000701e00000, 0x0000000800000000)
  region size 1024K, 4 young (4096K), 4 survivors (4096K)
 Metaspace       used 20574K, capacity 21188K, committed 21296K, reserved 1069056K
  class space    used 2389K, capacity 2642K, committed 2688K, reserved 1048576K
GC Heap History (9 events):
Event: 0.384 GC heap before
{Heap before GC invocations=0 (full 0):
 garbage-first heap   total 262144K, used 14336K [0x0000000701e00000, 0x0000000800000000)
  region size 1024K, 14 young (14336K), 0 survivors (0K)
 Metaspace       used 7905K, capacity 7985K, committed 8320K, reserved 1056768K
  class space    used 749K, capacity 791K, committed 896K, reserved 1048576K
}
Event: 0.389 GC heap after
{Heap after GC invocations=1 (full 0):
 garbage-first heap   total 262144K, used 7268K [0x0000000701e00000, 0x0000000800000000)
  region size 1024K, 2 young (2048K), 2 survivors (2048K)
 Metaspace       used 7905K, capacity 7985K, committed 8320K, reserved 1056768K
  class space    used 749K, capacity 791K, committed 896K, reserved 1048576K
}
Event: 0.941 GC heap before
{Heap before GC invocations=1 (full 0):
 garbage-first heap   total 262144K, used 17508K [0x0000000701e00000, 0x0000000800000000)
  region size 1024K, 12 young (12288K), 2 survivors (2048K)
 Metaspace       used 13438K, capacity 13785K, committed 13952K, reserved 1060864K
  class space    used 1402K, capacity 1537K, committed 1664K, reserved 1048576K
}
Event: 0.944 GC heap after
{Heap after GC invocations=2 (full 0):
 garbage-first heap   total 262144K, used 9126K [0x0000000701e00000, 0x0000000800000000)
  region size 1024K, 2 young (2048K), 2 survivors (2048K)
 Metaspace       used 13438K, capacity 13785K, committed 13952K, reserved 1060864K
  class space    used 1402K, capacity 1537K, committed 1664K, reserved 1048576K
}
Event: 1.088 GC heap before
{Heap before GC invocations=2 (full 0):
 garbage-first heap   total 262144K, used 32678K [0x0000000701e00000, 0x0000000800000000)
  region size 1024K, 26 young (26624K), 2 survivors (2048K)
 Metaspace       used 14806K, capacity 15183K, committed 15360K, reserved 1062912K
  class space    used 1576K, capacity 1710K, committed 1792K, reserved 1048576K
}
Event: 1.091 GC heap after
{Heap after GC invocations=3 (full 0):
 garbage-first heap   total 262144K, used 9689K [0x0000000701e00000, 0x0000000800000000)
  region size 1024K, 3 young (3072K), 3 survivors (3072K)
 Metaspace       used 14806K, capacity 15183K, committed 15360K, reserved 1062912K
  class space    used 1576K, capacity 1710K, committed 1792K, reserved 1048576K
}
Event: 1.151 GC heap before
{Heap before GC invocations=3 (full 0):
 garbage-first heap   total 262144K, used 46553K [0x0000000701e00000, 0x0000000800000000)
  region size 1024K, 40 young (40960K), 3 survivors (3072K)
 Metaspace       used 14880K, capacity 15360K, committed 15616K, reserved 1062912K
  class space    used 1588K, capacity 1748K, committed 1792K, reserved 1048576K
}
Event: 1.153 GC heap after
{Heap after GC invocations=4 (full 0):
 garbage-first heap   total 262144K, used 9578K [0x0000000701e00000, 0x0000000800000000)
  region size 1024K, 3 young (3072K), 3 survivors (3072K)
 Metaspace       used 14880K, capacity 15360K, committed 15616K, reserved 1062912K
  class space    used 1588K, capacity 1748K, committed 1792K, reserved 1048576K
}
Event: 1.973 GC heap before
{Heap before GC invocations=4 (full 0):
 garbage-first heap   total 262144K, used 46442K [0x0000000701e00000, 0x0000000800000000)
  region size 1024K, 40 young (40960K), 3 survivors (3072K)
 Metaspace       used 20574K, capacity 21188K, committed 21296K, reserved 1069056K
  class space    used 2389K, capacity 2642K, committed 2688K, reserved 1048576K
}

